0 info it worked if it ends with ok
1 verbose cli [ '/home/will/.nvm/versions/node/v6.9.5/bin/node',
1 verbose cli   '/home/will/.nvm/versions/node/v6.9.5/bin/npm',
1 verbose cli   'run',
1 verbose cli   'deploy' ]
2 info using npm@3.10.10
3 info using node@v6.9.5
4 verbose run-script [ 'predeploy', 'deploy', 'postdeploy' ]
5 info lifecycle @~predeploy: @
6 silly lifecycle @~predeploy: no script for predeploy, continuing
7 info lifecycle @~deploy: @
8 verbose lifecycle @~deploy: unsafe-perm in lifecycle true
9 verbose lifecycle @~deploy: PATH: /home/will/.nvm/versions/node/v6.9.5/lib/node_modules/npm/bin/node-gyp-bin:/home/will/repos/pitch_in/assets/node_modules/.bin:/home/will/.avn/bin:/home/will/.rbenv/shims:/home/will/.rbenv/bin:/home/will/.nvm/versions/node/v6.9.5/bin:/home/will/.local/bin:/.local/bin/miniconda3/bin:/usr/local/bin:/usr/bin:/bin:/usr/sbin:/sbin:/home/will/.rbenv/versions/2.3.1/bin:/home/will/.rbenv/libexec:/home/will/.rbenv/plugins/ruby-build/bin:/home/will/.avn/bin:/home/will/.rbenv/shims:/home/will/.rbenv/bin:/home/will/.local/bin:/.local/bin/miniconda3/bin:/usr/local/bin:/usr/bin:/bin:/usr/sbin:/sbin:/usr/local/sbin:/usr/local/bin:/usr/sbin:/usr/bin:/sbin:/bin:/usr/games:/usr/local/games:/home/will/repos/go/bin:/home/will/repos/go/bin
10 verbose lifecycle @~deploy: CWD: /home/will/repos/pitch_in/assets
11 silly lifecycle @~deploy: Args: [ '-c',
11 silly lifecycle   'rimraf ./priv/static && webpack --config ../config/webpack.production.config.js --progress --profile --colors --display-error-details' ]
12 silly lifecycle @~deploy: Returned: code: 1  signal: null
13 info lifecycle @~deploy: Failed to exec deploy script
14 verbose stack Error: @ deploy: `rimraf ./priv/static && webpack --config ../config/webpack.production.config.js --progress --profile --colors --display-error-details`
14 verbose stack Exit status 1
14 verbose stack     at EventEmitter.<anonymous> (/home/will/.nvm/versions/node/v6.9.5/lib/node_modules/npm/lib/utils/lifecycle.js:255:16)
14 verbose stack     at emitTwo (events.js:106:13)
14 verbose stack     at EventEmitter.emit (events.js:191:7)
14 verbose stack     at ChildProcess.<anonymous> (/home/will/.nvm/versions/node/v6.9.5/lib/node_modules/npm/lib/utils/spawn.js:40:14)
14 verbose stack     at emitTwo (events.js:106:13)
14 verbose stack     at ChildProcess.emit (events.js:191:7)
14 verbose stack     at maybeClose (internal/child_process.js:877:16)
14 verbose stack     at Process.ChildProcess._handle.onexit (internal/child_process.js:226:5)
15 verbose pkgid @
16 verbose cwd /home/will/repos/pitch_in/assets
17 error Linux 4.8.0-37-generic
18 error argv "/home/will/.nvm/versions/node/v6.9.5/bin/node" "/home/will/.nvm/versions/node/v6.9.5/bin/npm" "run" "deploy"
19 error node v6.9.5
20 error npm  v3.10.10
21 error code ELIFECYCLE
22 error @ deploy: `rimraf ./priv/static && webpack --config ../config/webpack.production.config.js --progress --profile --colors --display-error-details`
22 error Exit status 1
23 error Failed at the @ deploy script 'rimraf ./priv/static && webpack --config ../config/webpack.production.config.js --progress --profile --colors --display-error-details'.
23 error Make sure you have the latest version of node.js and npm installed.
23 error If you do, this is most likely a problem with the  package,
23 error not with npm itself.
23 error Tell the author that this fails on your system:
23 error     rimraf ./priv/static && webpack --config ../config/webpack.production.config.js --progress --profile --colors --display-error-details
23 error You can get information on how to open an issue for this project with:
23 error     npm bugs
23 error Or if that isn't available, you can get their info via:
23 error     npm owner ls
23 error There is likely additional logging output above.
24 verbose exit [ 1, true ]
